\BOOKMARK [0][-]{chapter*.2}{\376\377\000R\000e\000m\000e\000r\000c\000i\000e\000m\000e\000n\000t\000s}{}% 1
\BOOKMARK [0][-]{chapter*.3}{\376\377\000I\000n\000t\000r\000o\000d\000u\000c\000t\000i\000o\000n\000\040\000G\000\351\000n\000\351\000r\000a\000l\000e}{}% 2
\BOOKMARK [0][-]{chapter.1}{\376\377\000P\000r\000\351\000s\000e\000n\000t\000a\000t\000i\000o\000n\000\040\000d\000e\000\040\000l\000'\000e\000n\000t\000r\000e\000p\000r\000i\000s\000e}{}% 3
\BOOKMARK [1][-]{section.1.1}{\376\377\000L\040\031\000h\000i\000s\000t\000o\000i\000r\000e\000\040\000d\000e\000\040\000J\000u\000n\000g\000l\000e\000B\000i\000k\000e}{chapter.1}% 4
\BOOKMARK [1][-]{section.1.2}{\376\377\000C\000h\000i\000f\000f\000r\000e\000s\000\040\000d\000e\000\040\000J\000u\000n\000g\000l\000e\000B\000i\000k\000e}{chapter.1}% 5
\BOOKMARK [1][-]{section.1.3}{\376\377\000L\000e\000s\000\040\000S\000e\000r\000v\000i\000c\000e\000s\000\040\000p\000r\000o\000p\000o\000s\000\351\000s}{chapter.1}% 6
\BOOKMARK [2][-]{subsection.1.3.1}{\376\377\000A\000c\000c\000\350\000s\000\040\000d\000e\000s\000\040\000p\000r\000o\000d\000u\000i\000t\000s\000\040\000e\000n\000\040\000l\000i\000g\000n\000e\000:}{section.1.3}% 7
\BOOKMARK [2][-]{subsection.1.3.2}{\376\377\000E\000n\000r\000e\000g\000i\000s\000t\000r\000e\000m\000e\000n\000t\000\040\000d\000u\000\040\000v\000\351\000l\000o}{section.1.3}% 8
\BOOKMARK [1][-]{section.1.4}{\376\377\000P\000r\000o\000c\000e\000s\000s\000u\000s\000\040\000d\040\031\000i\000n\000t\000\351\000g\000r\000a\000t\000i\000o\000n\000\040\000d\000e\000\040\000d\000o\000n\000n\000\351\000e\000\040\000e\000t\000\040\000d\000e\000\040\000m\000i\000s\000e\000\040\000e\000n\000\040\000l\000i\000g\000n\000e\000\040\000d\000e\000s\000\040\000p\000r\000o\000d\000u\000i\000t\000s}{chapter.1}% 9
\BOOKMARK [2][-]{subsection.1.4.1}{\376\377\000R\000\351\000c\000u\000p\000\351\000r\000e\000r\000\040\000l\000e\000\040\000c\000a\000t\000a\000l\000o\000g\000u\000e\000\040\000d\000e\000s\000\040\000p\000r\000o\000d\000u\000i\000t\000s}{section.1.4}% 10
\BOOKMARK [2][-]{subsection.1.4.2}{\376\377\000N\000e\000t\000t\000o\000y\000a\000g\000e\000\040\000e\000t\000\040\000e\000n\000r\000i\000c\000h\000i\000s\000s\000e\000m\000e\000n\000t\000\040\000e\000t\000\040\000s\000t\000a\000n\000d\000a\000r\000d\000i\000s\000a\000t\000i\000o\000n\000:}{section.1.4}% 11
\BOOKMARK [2][-]{subsection.1.4.3}{\376\377\000M\000i\000s\000e\000\040\000e\000n\000\040\000b\000a\000s\000e\000:}{section.1.4}% 12
\BOOKMARK [2][-]{subsection.1.4.4}{\376\377\000M\000i\000s\000e\000\040\000e\000n\000\040\000l\000i\000g\000n\000e}{section.1.4}% 13
\BOOKMARK [1][-]{section.1.5}{\376\377\000J\000u\000n\000g\000l\000e\000B\000i\000k\000e\000\040\000e\000n\000\040\000i\000n\000t\000e\000r\000n\000e}{chapter.1}% 14
\BOOKMARK [2][-]{subsection.1.5.1}{\376\377\000L\040\031\000\040\000\351\000q\000u\000i\000p\000e\000\040\000d\040\031\000a\000c\000c\000u\000e\000i\000l\000:}{section.1.5}% 15
\BOOKMARK [2][-]{subsection.1.5.2}{\376\377\000O\000r\000g\000a\000n\000i\000s\000a\000t\000i\000o\000n\000\040\000d\000e\000\040\000t\000r\000a\000v\000a\000i\000l\000:\000\040\000l\000e\000\040\000s\000c\000r\000u\000m\000\040\000A\000g\000i\000l\000e\000:}{section.1.5}% 16
\BOOKMARK [2][-]{subsection.1.5.3}{\376\377\000O\000u\000t\000i\000l\000s\000\040\000t\000e\000c\000h\000n\000i\000q\000u\000e\000s\000:}{section.1.5}% 17
\BOOKMARK [-1][-]{part.1}{\376\377\000I\000\040\000P\000r\000o\000b\000l\000\351\000m\000a\000t\000i\000q\000u\000e}{}% 18
\BOOKMARK [0][-]{chapter.2}{\376\377\000L\000e\000\040\000c\000o\000n\000t\000e\000x\000t\000e\000\040\000d\000e\000\040\000r\000\351\000s\000o\000l\000u\000t\000i\000o\000n\000\040\000d\000u\000\040\000p\000r\000o\000b\000l\000\350\000m\000e}{part.1}% 19
\BOOKMARK [1][-]{section.2.1}{\376\377\000L\000e\000\040\000p\000r\000o\000b\000l\000\350\000m\000e\000\040\000\340\000\040\000r\000\351\000s\000o\000u\000d\000r\000e}{chapter.2}% 20
\BOOKMARK [1][-]{section.2.2}{\376\377\000P\000r\000\351\000s\000e\000n\000t\000a\000t\000i\000o\000n\000\040\000d\000e\000s\000\040\000d\000o\000n\000n\000\351\000e\000s}{chapter.2}% 21
\BOOKMARK [2][-]{subsection.2.2.1}{\376\377\000D\000a\000t\000a\000s\000e\000t\000:}{section.2.2}% 22
\BOOKMARK [2][-]{subsection.2.2.2}{\376\377\000D\000\351\000t\000a\000i\000l\000\040\000d\000e\000s\000\040\000c\000o\000l\000o\000n\000n\000e\000s\000\040\000d\000e\000\040\000l\000a\000\040\000d\000a\000t\000a\000s\000e\000t\000:}{section.2.2}% 23
\BOOKMARK [1][-]{section.2.3}{\376\377\000M\000\351\000t\000h\000o\000d\000e\000s\000\040\000d\000e\000\040\000v\000a\000l\000i\000d\000a\000t\000i\000o\000n\000\040\000d\000e\000s\000\040\000m\000o\000d\000\350\000l\000e\000s}{chapter.2}% 24
\BOOKMARK [2][-]{subsection.2.3.1}{\376\377\000M\000S\000E\000:\000\040\000M\000e\000a\000n\000\040\000S\000q\000u\000a\000r\000e\000d\000\040\000E\000r\000r\000o\000r\000\040\000o\000u\000\040\000R\000M\000S\000E\000:\000\040\000R\000o\000o\000t\000\040\000M\000e\000a\000n\000\040\000S\000q\000u\000a\000r\000e\000d\000\040\000E\000r\000r\000o\000r}{section.2.3}% 25
\BOOKMARK [2][-]{subsection.2.3.2}{\376\377\000M\000A\000E\000:\000\040\000M\000e\000a\000n\000\040\000A\000b\000s\000o\000l\000u\000t\000e\000\040\000E\000r\000r\000o\000r}{section.2.3}% 26
\BOOKMARK [-1][-]{part.2}{\376\377\000I\000I\000\040\000\311\000t\000a\000t\000\040\000d\000e\000\040\000l\000'\000a\000r\000t}{}% 27
\BOOKMARK [0][-]{chapter.3}{\376\377\000\311\000t\000a\000t\000\040\000d\000e\000\040\000l\000'\000a\000r\000t\000\040\000d\000e\000s\000\040\000t\000e\000c\000h\000n\000i\000q\000u\000e\000s\000\040\000d\000e\000\040\000r\000e\000c\000o\000m\000m\000a\000n\000d\000a\000t\000i\000o\000n}{part.2}% 28
\BOOKMARK [1][-]{section.3.1}{\376\377\000R\000e\000c\000o\000m\000m\000a\000n\000d\000a\000t\000i\000o\000n\000\040\000a\000l\000\351\000a\000t\000o\000i\000r\000e}{chapter.3}% 29
\BOOKMARK [1][-]{section.3.2}{\376\377\000R\000e\000c\000o\000m\000m\000a\000n\000d\000a\000t\000i\000o\000n\000\040\000P\000e\000r\000s\000o\000n\000n\000a\000l\000i\000s\000\351\000e}{chapter.3}% 30
\BOOKMARK [1][-]{section.3.3}{\376\377\000R\000e\000c\000o\000m\000m\000a\000n\000d\000a\000t\000i\000o\000n\000\040\000O\000b\000j\000e\000t\000\040\000\050\000C\000o\000n\000t\000e\000n\000t\000-\000B\000a\000s\000e\000d\000\040\000f\000i\000l\000t\000e\000r\000i\000n\000g\000\040\000C\000B\000\051}{chapter.3}% 31
\BOOKMARK [1][-]{section.3.4}{\376\377\000R\000e\000c\000o\000m\000m\000a\000n\000d\000a\000t\000i\000o\000n\000\040\000S\000o\000c\000i\000a\000l\000e\000\040\000\050\000C\000o\000l\000l\000a\000b\000o\000r\000a\000t\000i\000v\000e\000\040\000F\000i\000l\000t\000e\000r\000i\000n\000g\000\040\000C\000F\000\040\040\023\000\040\000C\000o\000n\000t\000e\000x\000t\000\040\000A\000w\000a\000r\000e\000\051}{chapter.3}% 32
\BOOKMARK [2][-]{subsection.3.4.1}{\376\377\000M\000e\000m\000o\000r\000y\000-\000b\000a\000s\000e\000d\000\040\000C\000F}{section.3.4}% 33
\BOOKMARK [2][-]{subsection.3.4.2}{\376\377\000L\000a\000\040\000M\000a\000t\000r\000i\000c\000e\000\040\000d\000e\000\040\000F\000a\000c\000t\000o\000r\000i\000s\000a\000t\000i\000o\000n}{section.3.4}% 34
\BOOKMARK [2][-]{subsection.3.4.3}{\376\377\000N\000e\000u\000r\000a\000l\000\040\000C\000o\000l\000l\000a\000b\000o\000r\000a\000t\000i\000v\000e\000\040\000F\000i\000l\000t\000e\000r\000i\000n\000g\000\040\000\050\000N\000F\000C\000\051}{section.3.4}% 35
\BOOKMARK [2][-]{subsection.3.4.4}{\376\377\000L\000S\000T\000M\000:\000\040\000L\000o\000n\000g\000\040\000S\000h\000o\000r\000t\000\040\000T\000e\000r\000m\000\040\000M\000e\000m\000o\000r\000y}{section.3.4}% 36
\BOOKMARK [-1][-]{part.3}{\376\377\000I\000I\000I\000\040\000S\000y\000s\000t\000\350\000m\000e\000\040\000r\000\351\000a\000l\000i\000s\000\351}{}% 37
\BOOKMARK [0][-]{chapter.4}{\376\377\000I\000m\000p\000l\000\351\000m\000e\000n\000t\000a\000t\000i\000o\000n\000\040\000d\000u\000\040\000s\000y\000s\000t\000\350\000m\000e}{part.3}% 38
\BOOKMARK [1][-]{section.4.1}{\376\377\000I\000n\000t\000r\000o\000d\000u\000c\000t\000i\000o\000n}{chapter.4}% 39
\BOOKMARK [1][-]{section.4.2}{\376\377\000A\000n\000a\000l\000y\000s\000e\000\040\000d\000e\000\040\000d\000o\000n\000n\000\351\000e\000s}{chapter.4}% 40
\BOOKMARK [2][-]{subsection.4.2.1}{\376\377\000A\000p\000e\000r\000\347\000u\000\040\000d\000u\000\040\000j\000e\000u\000\040\000d\000e\000\040\000d\000o\000n\000n\000\351\000e\000:}{section.4.2}% 41
\BOOKMARK [2][-]{subsection.4.2.2}{\376\377\000S\000t\000a\000t\000i\000s\000t\000i\000q\000u\000e\000s\000\040\000s\000u\000r\000\040\000l\000a\000\040\000d\000a\000t\000a\000s\000e\000t\000:}{section.4.2}% 42
\BOOKMARK [2][-]{subsection.4.2.3}{\376\377\000M\000e\000i\000l\000l\000e\000u\000r\000s\000\040\000p\000r\000o\000d\000u\000i\000t\000s\000\040\000e\000t\000\040\000C\000l\000i\000e\000n\000t\000s\000\040\000p\000a\000r\000\040\000r\000a\000p\000p\000o\000r\000t\000\040\000a\000u\000x\000\040\000v\000o\000t\000e\000s\000:}{section.4.2}% 43
\BOOKMARK [1][-]{section.4.3}{\376\377\000A\000p\000p\000l\000i\000c\000a\000t\000i\000o\000n\000\040\000d\000e\000s\000\040\000d\000i\000f\000f\000\351\000r\000e\000n\000t\000s\000\040\000m\000o\000d\000\350\000l\000e\000s\000\040\000a\000u\000\040\000j\000e\000u\000\040\000d\000e\000\040\000d\000o\000n\000n\000\351\000e\000s}{chapter.4}% 44
\BOOKMARK [2][-]{subsection.4.3.1}{\376\377\000M\000a\000t\000r\000i\000c\000e\000\040\000d\000e\000\040\000F\000a\000c\000t\000o\000r\000i\000s\000a\000t\000i\000o\000n\000:}{section.4.3}% 45
\BOOKMARK [2][-]{subsection.4.3.2}{\376\377\000C\000o\000m\000b\000i\000n\000a\000i\000s\000o\000n\000\040\000M\000a\000t\000r\000i\000c\000e\000\040\000d\000e\000\040\000F\000a\000c\000t\000o\000r\000i\000s\000a\000t\000i\000o\000n\000\040\000e\000t\000\040\000R\000\351\000s\000e\000a\000u\000\040\000d\000e\000\040\000N\000e\000u\000r\000o\000n\000e\000:}{section.4.3}% 46
\BOOKMARK [2][-]{subsection.4.3.3}{\376\377\000C\000o\000m\000b\000i\000n\000a\000i\000s\000o\000n\000\040\000M\000a\000t\000r\000i\000c\000e\000\040\000d\000e\000\040\000F\000a\000c\000t\000o\000r\000i\000s\000a\000t\000i\000o\000n\000\040\000e\000t\000\040\000M\000u\000l\000t\000i\000l\000a\000y\000e\000r\000\040\000p\000e\000r\000c\000e\000p\000t\000r\000o\000n\000:}{section.4.3}% 47
\BOOKMARK [2][-]{subsection.4.3.4}{\376\377\000L\000S\000T\000M\000:\000\040\000L\000o\000n\000g\000\040\000S\000h\000o\000r\000t\000\040\000T\000e\000r\000m\000\040\000M\000e\000m\000o\000r\000y}{section.4.3}% 48
\BOOKMARK [1][-]{section.4.4}{\376\377\000T\000e\000s\000t\000s\000\040\000e\000t\000\040\000v\000a\000l\000i\000d\000a\000t\000i\000o\000n\000:\000\040\000A\000n\000a\000l\000y\000s\000e\000\040\000d\000e\000s\000\040\000R\000M\000S\000E\000\040\000d\000e\000s\000\040\000d\000i\000f\000f\000\351\000r\000e\000n\000t\000s\000\040\000m\000o\000d\000\350\000l\000e\000s}{chapter.4}% 49
\BOOKMARK [2][-]{subsection.4.4.1}{\376\377\000S\000t\000a\000t\000i\000s\000t\000i\000q\000u\000e\000s\000\040\000d\000e\000\040\000p\000e\000r\000f\000o\000r\000m\000a\000n\000c\000e\000\040\000d\000e\000s\000\040\000m\000o\000d\000\350\000l\000e\000s}{section.4.4}% 50
\BOOKMARK [2][-]{subsection.4.4.2}{\376\377\000E\000v\000o\000l\000u\000t\000i\000o\000n\000\040\000d\000'\000a\000p\000p\000r\000e\000n\000t\000i\000s\000s\000a\000g\000e\000\040\000d\000e\000s\000\040\000m\000o\000d\000\350\000l\000e\000s\000\040\000e\000n\000\040\000f\000o\000n\000c\000t\000i\000o\000n\000\040\000d\000u\000\040\000n\000o\000m\000b\000r\000e\000\040\000d\000'\000\351\000p\000o\000q\000u\000e}{section.4.4}% 51
\BOOKMARK [1][-]{section.4.5}{\376\377\000C\000o\000n\000c\000l\000u\000s\000i\000o\000n}{chapter.4}% 52
\BOOKMARK [-1][-]{part.4}{\376\377\000I\000V\000\040\000C\000o\000n\000c\000l\000u\000s\000i\000o\000n}{}% 53
\BOOKMARK [0][-]{chapter*.4}{\376\377\000C\000o\000n\000c\000l\000u\000s\000i\000o\000n}{part.4}% 54
